<?xml version="1.0" encoding="UTF-8"?>
<!-- Generated by org.testng.reporters.JUnitReportReporter -->
<testsuite hostname="DESKTOP-QVPOJIS" failures="0" tests="1" name="testCase.TC001_LocatorLearning" time="25.788" errors="0" timestamp="2022-11-04T21:19:54 BDT" skipped="0">
  <testcase classname="testCase.TC001_LocatorLearning" name="locatorLearnig" time="25.788"/>
  <system-out/>
</testsuite> <!-- testCase.TC001_LocatorLearning -->
