<?xml version="1.0" encoding="UTF-8"?>
<!-- Generated by org.testng.reporters.JUnitReportReporter -->
<testsuite hostname="DESKTOP-QVPOJIS" failures="0" tests="3" name="testCase.TC012_KeyboardEvent" time="23.749" errors="0" timestamp="2022-11-02T09:46:42 BDT" skipped="0">
  <testcase classname="testCase.TC012_KeyboardEvent" name="keyboardEventCheck" time="14.142"/>
  <system-out/>
  <testcase classname="testCase.TC012_KeyboardEvent" name="seltectMultipleByActionClass" time="1.528"/>
  <system-out/>
  <testcase classname="testCase.TC012_KeyboardEvent" name="copyPasteUsingkeyBoard" time="8.079"/>
  <system-out/>
</testsuite> <!-- testCase.TC012_KeyboardEvent -->
