<?xml version="1.0" encoding="UTF-8"?>
<!-- Generated by org.testng.reporters.JUnitReportReporter -->
<testsuite hostname="DESKTOP-QVPOJIS" failures="0" tests="1" name="testCase.MouseHover" time="63.570" errors="0" timestamp="2022-10-15T12:17:19 BDT" skipped="0">
  <testcase classname="testCase.MouseHover" name="performMouseHover" time="63.570"/>
  <system-out/>
</testsuite> <!-- testCase.MouseHover -->
