<?xml version="1.0" encoding="UTF-8"?>
<!-- Generated by org.testng.reporters.JUnitReportReporter -->
<testsuite hostname="DESKTOP-QVPOJIS" failures="0" tests="1" name="testCase.TC014_ScreenShotCapture" time="4.421" errors="0" timestamp="2022-11-29T14:12:02 BDT" skipped="0">
  <testcase classname="testCase.TC014_ScreenShotCapture" name="takeSS" time="4.421"/>
  <system-out/>
</testsuite> <!-- testCase.TC014_ScreenShotCapture -->
