<?xml version="1.0" encoding="UTF-8"?>
<!-- Generated by org.testng.reporters.JUnitReportReporter -->
<testsuite hostname="DESKTOP-QVPOJIS" failures="0" tests="2" name="testCase.TC008_popupAlert" time="4.428" errors="0" timestamp="2022-11-02T09:46:42 BDT" skipped="0">
  <testcase classname="testCase.TC008_popupAlert" name="handlePopupAlert" time="0.778"/>
  <system-out/>
  <testcase classname="testCase.TC008_popupAlert" name="typeOnPopupAlert" time="3.650"/>
  <system-out/>
</testsuite> <!-- testCase.TC008_popupAlert -->
