<?xml version="1.0" encoding="UTF-8"?>
<!-- Generated by org.testng.reporters.JUnitReportReporter -->
<testsuite hostname="DESKTOP-QVPOJIS" failures="0" tests="1" name="testCase.TC009_HandleMultipleWindow" time="10.993" errors="0" timestamp="2022-11-02T09:46:42 BDT" skipped="0">
  <testcase classname="testCase.TC009_HandleMultipleWindow" name="handleWindows" time="10.993"/>
  <system-out/>
</testsuite> <!-- testCase.TC009_HandleMultipleWindow -->
