<?xml version="1.0" encoding="UTF-8"?>
<!-- Generated by org.testng.reporters.JUnitReportReporter -->
<testsuite hostname="DESKTOP-QVPOJIS" failures="0" tests="2" name="testCase.TC004_DropDown" time="13.180" errors="0" timestamp="2022-11-02T09:46:42 BDT" skipped="0">
  <testcase classname="testCase.TC004_DropDown" name="seltectMultipleByActionClass" time="3.398"/>
  <system-out/>
  <testcase classname="testCase.TC004_DropDown" name="selectingValueFromDropDown" time="9.782"/>
  <system-out/>
</testsuite> <!-- testCase.TC004_DropDown -->
